<?xml version="1.0" encoding="UTF-8"?>
<!-- Generated by org.testng.reporters.JUnitReportReporter -->
<testsuite hostname="Win-PC" failures="0" tests="2" name="qaclickacademy.AppiumTest" time="0.008" errors="0" timestamp="02 Jun 2019 13:32:06 GMT" skipped="0">
  <testcase classname="qaclickacademy.AppiumTest" name="nativeAppAndroid" time="0.000"/>
  <testcase classname="qaclickacademy.AppiumTest" name="iOSApps" time="0.008"/>
</testsuite> <!-- qaclickacademy.AppiumTest -->
