<?xml version="1.0" encoding="UTF-8"?>
<!-- Generated by org.testng.reporters.JUnitReportReporter -->
<testsuite hostname="Win-PC" failures="0" tests="2" name="qaclickacademy.RestAPITest" time="0.002" errors="0" timestamp="02 Jun 2019 13:32:07 GMT" skipped="0">
  <testcase classname="qaclickacademy.RestAPITest" name="deleteTwitter" time="0.001"/>
  <testcase classname="qaclickacademy.RestAPITest" name="postJira" time="0.001"/>
</testsuite> <!-- qaclickacademy.RestAPITest -->
